d:\p4\personal\sd\antai\x64\release\antai.lib
d:\p4\personal\sd\antai\x64\release\antai.exp
d:\p4\personal\sd\antai\x64\release\antai.ipdb
d:\p4\personal\sd\antai\x64\release\antai.iobj
d:\p4\personal\sd\antai\x64\release\vc142.pdb
d:\p4\personal\sd\antai\x64\release\tile.obj
d:\p4\personal\sd\antai\x64\release\threadsafestructures.obj
d:\p4\personal\sd\antai\x64\release\main.obj
d:\p4\personal\sd\antai\x64\release\common.obj
d:\p4\personal\sd\antai\x64\release\colony.obj
d:\p4\personal\sd\antai\x64\release\arenaplayerimpl.obj
d:\p4\personal\sd\antai\x64\release\ant.obj
d:\p4\personal\sd\antai\x64\release\antai.dll
d:\p4\personal\sd\antai\x64\release\antai.pdb
d:\p4\personal\sd\antai\x64\release\antai.tlog\antai.write.1u.tlog
d:\p4\personal\sd\antai\x64\release\antai.tlog\cl.command.1.tlog
d:\p4\personal\sd\antai\x64\release\antai.tlog\cl.read.1.tlog
d:\p4\personal\sd\antai\x64\release\antai.tlog\cl.write.1.tlog
d:\p4\personal\sd\antai\x64\release\antai.tlog\link.command.1.tlog
d:\p4\personal\sd\antai\x64\release\antai.tlog\link.read.1.tlog
d:\p4\personal\sd\antai\x64\release\antai.tlog\link.write.1.tlog
