d:\p4\personal\sd\antai\x64\debug\antai.lib
d:\p4\personal\sd\antai\x64\debug\antai.exp
d:\p4\personal\sd\antai\x64\debug\vc142.pdb
d:\p4\personal\sd\antai\x64\debug\vc142.idb
d:\p4\personal\sd\antai\x64\debug\tile.obj
d:\p4\personal\sd\antai\x64\debug\threadsafestructures.obj
d:\p4\personal\sd\antai\x64\debug\main.obj
d:\p4\personal\sd\antai\x64\debug\common.obj
d:\p4\personal\sd\antai\x64\debug\colonyjob.obj
d:\p4\personal\sd\antai\x64\debug\colony.obj
d:\p4\personal\sd\antai\x64\debug\arenaplayerimpl.obj
d:\p4\personal\sd\antai\x64\debug\ant.obj
d:\p4\personal\sd\antai\x64\debug\antai.dll
d:\p4\personal\sd\antai\x64\debug\antai.ilk
d:\p4\personal\sd\antai\x64\debug\antai.pdb
d:\p4\personal\sd\antai\x64\debug\colony.new.obj.enc
d:\p4\personal\sd\antai\x64\debug\antai.tlog\antai.write.1u.tlog
d:\p4\personal\sd\antai\x64\debug\antai.tlog\cl.command.1.tlog
d:\p4\personal\sd\antai\x64\debug\antai.tlog\cl.read.1.tlog
d:\p4\personal\sd\antai\x64\debug\antai.tlog\cl.write.1.tlog
d:\p4\personal\sd\antai\x64\debug\antai.tlog\link.command.1.tlog
d:\p4\personal\sd\antai\x64\debug\antai.tlog\link.read.1.tlog
d:\p4\personal\sd\antai\x64\debug\antai.tlog\link.write.1.tlog
